<?xml version="1.0" encoding="UTF-8"?>
<!-- Generated by org.testng.reporters.JUnitXMLReporter -->
<testsuite ignored="0" hostname="DESKTOP-JKDSCPI" failures="0" tests="2" name="Default test" time="102.349" errors="0" timestamp="2021-03-16T00:07:21 IST">
  <testcase classname="com.samtech.qa.testcases.contactpagetest" name="verifycontactpage" time="1.046"/>
  <testcase classname="com.samtech.qa.testcases.contactpagetest" name="validatenewcontact" time="10.414"/>
</testsuite> <!-- Default test -->
