<?xml version="1.0" encoding="UTF-8"?>
<testng-results ignored="0" total="8" passed="8" failed="0" skipped="0">
  <reporter-output>
  </reporter-output>
  <suite started-at="2021-03-16T02:45:08 IST" name="samtech Automatio Test" finished-at="2021-03-16T02:49:52 IST" duration-ms="284162">
    <groups>
    </groups>
    <test started-at="2021-03-16T02:45:08 IST" name="samtech application Test" finished-at="2021-03-16T02:49:52 IST" duration-ms="284162">
      <class name="com.samtech.qa.testcases.HomePageTest">
        <test-method is-config="true" signature="setup()[pri:0, instance:com.samtech.qa.testcases.HomePageTest@a3d8174]" started-at="2021-03-16T02:46:48 IST" name="setup" finished-at="2021-03-16T02:47:15 IST" duration-ms="26859" status="PASS">
          <reporter-output>
          </reporter-output>
        </test-method> <!-- setup -->
        <test-method signature="calenderPageTest()[pri:0, instance:com.samtech.qa.testcases.HomePageTest@a3d8174]" started-at="2021-03-16T02:47:15 IST" name="calenderPageTest" finished-at="2021-03-16T02:47:18 IST" duration-ms="2473" status="PASS">
          <reporter-output>
          </reporter-output>
        </test-method> <!-- calenderPageTest -->
        <test-method is-config="true" signature="teardown()[pri:0, instance:com.samtech.qa.testcases.HomePageTest@a3d8174]" started-at="2021-03-16T02:47:18 IST" name="teardown" finished-at="2021-03-16T02:47:19 IST" duration-ms="1440" status="PASS">
          <reporter-output>
          </reporter-output>
        </test-method> <!-- teardown -->
        <test-method is-config="true" signature="setup()[pri:0, instance:com.samtech.qa.testcases.HomePageTest@a3d8174]" started-at="2021-03-16T02:47:19 IST" name="setup" finished-at="2021-03-16T02:47:45 IST" duration-ms="25842" status="PASS">
          <reporter-output>
          </reporter-output>
        </test-method> <!-- setup -->
        <test-method signature="companiepageTest()[pri:0, instance:com.samtech.qa.testcases.HomePageTest@a3d8174]" started-at="2021-03-16T02:47:45 IST" name="companiepageTest" finished-at="2021-03-16T02:47:48 IST" duration-ms="2758" status="PASS">
          <reporter-output>
          </reporter-output>
        </test-method> <!-- companiepageTest -->
        <test-method is-config="true" signature="teardown()[pri:0, instance:com.samtech.qa.testcases.HomePageTest@a3d8174]" started-at="2021-03-16T02:47:48 IST" name="teardown" finished-at="2021-03-16T02:47:49 IST" duration-ms="1587" status="PASS">
          <reporter-output>
          </reporter-output>
        </test-method> <!-- teardown -->
        <test-method is-config="true" signature="setup()[pri:0, instance:com.samtech.qa.testcases.HomePageTest@a3d8174]" started-at="2021-03-16T02:47:49 IST" name="setup" finished-at="2021-03-16T02:48:17 IST" duration-ms="27416" status="PASS">
          <reporter-output>
          </reporter-output>
        </test-method> <!-- setup -->
        <test-method signature="contactpagetest()[pri:0, instance:com.samtech.qa.testcases.HomePageTest@a3d8174]" started-at="2021-03-16T02:48:17 IST" name="contactpagetest" finished-at="2021-03-16T02:48:20 IST" duration-ms="2999" status="PASS">
          <reporter-output>
          </reporter-output>
        </test-method> <!-- contactpagetest -->
        <test-method is-config="true" signature="teardown()[pri:0, instance:com.samtech.qa.testcases.HomePageTest@a3d8174]" started-at="2021-03-16T02:48:20 IST" name="teardown" finished-at="2021-03-16T02:48:22 IST" duration-ms="1808" status="PASS">
          <reporter-output>
          </reporter-output>
        </test-method> <!-- teardown -->
        <test-method is-config="true" signature="setup()[pri:0, instance:com.samtech.qa.testcases.HomePageTest@a3d8174]" started-at="2021-03-16T02:48:22 IST" name="setup" finished-at="2021-03-16T02:49:07 IST" duration-ms="45440" status="PASS">
          <reporter-output>
          </reporter-output>
        </test-method> <!-- setup -->
        <test-method signature="homepagevalidateTest()[pri:0, instance:com.samtech.qa.testcases.HomePageTest@a3d8174]" started-at="2021-03-16T02:49:07 IST" name="homepagevalidateTest" finished-at="2021-03-16T02:49:08 IST" duration-ms="484" status="PASS">
          <reporter-output>
          </reporter-output>
        </test-method> <!-- homepagevalidateTest -->
        <test-method is-config="true" signature="teardown()[pri:0, instance:com.samtech.qa.testcases.HomePageTest@a3d8174]" started-at="2021-03-16T02:49:08 IST" name="teardown" finished-at="2021-03-16T02:49:09 IST" duration-ms="1328" status="PASS">
          <reporter-output>
          </reporter-output>
        </test-method> <!-- teardown -->
      </class> <!-- com.samtech.qa.testcases.HomePageTest -->
      <class name="com.samtech.qa.testcases.contactpagetest">
        <test-method is-config="true" signature="setup()[pri:0, instance:com.samtech.qa.testcases.contactpagetest@1ba9117e]" started-at="2021-03-16T02:49:12 IST" name="setup" finished-at="2021-03-16T02:49:37 IST" duration-ms="24318" status="PASS">
          <reporter-output>
          </reporter-output>
        </test-method> <!-- setup -->
        <test-method signature="validatenewcontact(java.lang.String, java.lang.String, java.lang.String)[pri:2, instance:com.samtech.qa.testcases.contactpagetest@1ba9117e]" started-at="2021-03-16T02:49:37 IST" name="validatenewcontact" data-provider="getsamtechData" finished-at="2021-03-16T02:49:51 IST" duration-ms="14325" status="PASS">
          <params>
            <param index="0">
              <value>
                <![CDATA[pankaj]]>
              </value>
            </param>
            <param index="1">
              <value>
                <![CDATA[ramesh]]>
              </value>
            </param>
            <param index="2">
              <value>
                <![CDATA[pendhare]]>
              </value>
            </param>
          </params>
          <reporter-output>
          </reporter-output>
        </test-method> <!-- validatenewcontact -->
        <test-method is-config="true" signature="teardown()[pri:0, instance:com.samtech.qa.testcases.contactpagetest@1ba9117e]" started-at="2021-03-16T02:49:51 IST" name="teardown" finished-at="2021-03-16T02:49:52 IST" duration-ms="1563" status="PASS">
          <reporter-output>
          </reporter-output>
        </test-method> <!-- teardown -->
      </class> <!-- com.samtech.qa.testcases.contactpagetest -->
      <class name="com.samtech.qa.testcases.loginTestcase">
        <test-method is-config="true" signature="setup()[pri:0, instance:com.samtech.qa.testcases.loginTestcase@44821a96]" started-at="2021-03-16T02:45:08 IST" name="setup" finished-at="2021-03-16T02:45:47 IST" duration-ms="38831" status="PASS">
          <reporter-output>
          </reporter-output>
        </test-method> <!-- setup -->
        <test-method signature="validetTilte()[pri:1, instance:com.samtech.qa.testcases.loginTestcase@44821a96]" started-at="2021-03-16T02:45:47 IST" name="validetTilte" finished-at="2021-03-16T02:45:47 IST" duration-ms="215" status="PASS">
          <reporter-output>
          </reporter-output>
        </test-method> <!-- validetTilte -->
        <test-method is-config="true" signature="teardown()[pri:0, instance:com.samtech.qa.testcases.loginTestcase@44821a96]" started-at="2021-03-16T02:45:47 IST" name="teardown" finished-at="2021-03-16T02:45:50 IST" duration-ms="3002" status="PASS">
          <reporter-output>
          </reporter-output>
        </test-method> <!-- teardown -->
        <test-method is-config="true" signature="setup()[pri:0, instance:com.samtech.qa.testcases.loginTestcase@44821a96]" started-at="2021-03-16T02:45:51 IST" name="setup" finished-at="2021-03-16T02:46:08 IST" duration-ms="17677" status="PASS">
          <reporter-output>
          </reporter-output>
        </test-method> <!-- setup -->
        <test-method signature="validatetitlelogo()[pri:2, instance:com.samtech.qa.testcases.loginTestcase@44821a96]" started-at="2021-03-16T02:46:08 IST" name="validatetitlelogo" finished-at="2021-03-16T02:46:09 IST" duration-ms="885" status="PASS">
          <reporter-output>
          </reporter-output>
        </test-method> <!-- validatetitlelogo -->
        <test-method is-config="true" signature="teardown()[pri:0, instance:com.samtech.qa.testcases.loginTestcase@44821a96]" started-at="2021-03-16T02:46:09 IST" name="teardown" finished-at="2021-03-16T02:46:11 IST" duration-ms="1519" status="PASS">
          <reporter-output>
          </reporter-output>
        </test-method> <!-- teardown -->
        <test-method is-config="true" signature="setup()[pri:0, instance:com.samtech.qa.testcases.loginTestcase@44821a96]" started-at="2021-03-16T02:46:11 IST" name="setup" finished-at="2021-03-16T02:46:26 IST" duration-ms="15131" status="PASS">
          <reporter-output>
          </reporter-output>
        </test-method> <!-- setup -->
        <test-method signature="loginTest()[pri:3, instance:com.samtech.qa.testcases.loginTestcase@44821a96]" started-at="2021-03-16T02:46:26 IST" name="loginTest" finished-at="2021-03-16T02:46:46 IST" duration-ms="20529" status="PASS">
          <reporter-output>
          </reporter-output>
        </test-method> <!-- loginTest -->
        <test-method is-config="true" signature="teardown()[pri:0, instance:com.samtech.qa.testcases.loginTestcase@44821a96]" started-at="2021-03-16T02:46:46 IST" name="teardown" finished-at="2021-03-16T02:46:48 IST" duration-ms="2199" status="PASS">
          <reporter-output>
          </reporter-output>
        </test-method> <!-- teardown -->
      </class> <!-- com.samtech.qa.testcases.loginTestcase -->
    </test> <!-- samtech application Test -->
  </suite> <!-- samtech Automatio Test -->
</testng-results>
