<?xml version="1.0" encoding="UTF-8"?>
<!-- Generated by org.testng.reporters.JUnitXMLReporter -->
<testsuite ignored="0" hostname="DESKTOP-JKDSCPI" failures="0" tests="8" name="samtech application Test" time="284.162" errors="0" timestamp="2021-03-16T02:49:54 IST">
  <testcase classname="com.samtech.qa.testcases.loginTestcase" name="validetTilte" time="0.215"/>
  <testcase classname="com.samtech.qa.testcases.loginTestcase" name="validatetitlelogo" time="0.885"/>
  <testcase classname="com.samtech.qa.testcases.loginTestcase" name="loginTest" time="20.529"/>
  <testcase classname="com.samtech.qa.testcases.HomePageTest" name="calenderPageTest" time="2.473"/>
  <testcase classname="com.samtech.qa.testcases.HomePageTest" name="companiepageTest" time="2.758"/>
  <testcase classname="com.samtech.qa.testcases.HomePageTest" name="contactpagetest" time="2.999"/>
  <testcase classname="com.samtech.qa.testcases.HomePageTest" name="homepagevalidateTest" time="0.484"/>
  <testcase classname="com.samtech.qa.testcases.contactpagetest" name="validatenewcontact" time="14.325"/>
</testsuite> <!-- samtech application Test -->
